<?xml version="1.0" encoding="UTF-8"?>
<testsuite name="org.cirdles.ambapo.UTMToLatLongTest" tests="8" skipped="0" failures="0" errors="0" timestamp="2016-09-08T00:58:43" hostname="Elainas-MBP" time="0.018">
  <properties/>
  <testcase name="testConvert" classname="org.cirdles.ambapo.UTMToLatLongTest" time="0.003"/>
  <testcase name="testConvert2" classname="org.cirdles.ambapo.UTMToLatLongTest" time="0.003"/>
  <testcase name="testConvert3" classname="org.cirdles.ambapo.UTMToLatLongTest" time="0.002"/>
  <testcase name="testConvert4" classname="org.cirdles.ambapo.UTMToLatLongTest" time="0.003"/>
  <testcase name="testConvert5" classname="org.cirdles.ambapo.UTMToLatLongTest" time="0.002"/>
  <testcase name="testConvert6" classname="org.cirdles.ambapo.UTMToLatLongTest" time="0.001"/>
  <testcase name="testConvert7" classname="org.cirdles.ambapo.UTMToLatLongTest" time="0.001"/>
  <testcase name="testConvert8" classname="org.cirdles.ambapo.UTMToLatLongTest" time="0.002"/>
  <system-out><![CDATA[convert
convert
convert
convert
convert
convert
convert
convert
]]></system-out>
  <system-err><![CDATA[]]></system-err>
</testsuite>
