<?xml version="1.0" encoding="UTF-8"?>
<testsuite name="org.cirdles.ambapo.KrugerSeriesTest" tests="7" skipped="0" failures="0" errors="0" timestamp="2016-09-08T00:58:43" hostname="Elainas-MBP" time="0.017">
  <properties/>
  <testcase name="testAlpha1" classname="org.cirdles.ambapo.KrugerSeriesTest" time="0.012"/>
  <testcase name="testAlpha2" classname="org.cirdles.ambapo.KrugerSeriesTest" time="0.001"/>
  <testcase name="testAlpha3" classname="org.cirdles.ambapo.KrugerSeriesTest" time="0.001"/>
  <testcase name="testAlpha4" classname="org.cirdles.ambapo.KrugerSeriesTest" time="0.001"/>
  <testcase name="testAlpha5" classname="org.cirdles.ambapo.KrugerSeriesTest" time="0.001"/>
  <testcase name="testAlpha6" classname="org.cirdles.ambapo.KrugerSeriesTest" time="0.001"/>
  <testcase name="testAlpha7" classname="org.cirdles.ambapo.KrugerSeriesTest" time="0.0"/>
  <system-out><![CDATA[alpha1
alpha2
alpha3
alpha4
alpha5
alpha6
alpha6
]]></system-out>
  <system-err><![CDATA[]]></system-err>
</testsuite>
